<?xml version="1.0" encoding="UTF-8"?>
<!-- Generated by org.testng.reporters.JUnitXMLReporter -->
<testsuite ignored="0" hostname="DESKTOP-HPG8DBN" failures="0" tests="7" name="mytest" time="15.916" errors="0" timestamp="2024-10-26T19:47:42 IST">
  <testcase classname="Session42.Test_NG_FirsrTest" name="openapp" time="0.02"/>
  <testcase classname="Session42.Test_NG_FirsrTest" name="login" time="0.003"/>
  <testcase classname="Session42.Test_NG_FirsrTest" name="logout" time="0.002"/>
  <testcase classname="Session42.OrangeHRM_Test_NG" name="openApp" time="5.343"/>
  <testcase classname="Session42.OrangeHRM_Test_NG" name="login" time="2.068"/>
  <testcase classname="Session42.OrangeHRM_Test_NG" name="checkIcon" time="5.103"/>
  <testcase classname="Session42.OrangeHRM_Test_NG" name="closeApp" time="3.28"/>
</testsuite> <!-- mytest -->
