<?xml version="1.0" encoding="UTF-8"?>
<!-- Generated by org.testng.reporters.JUnitXMLReporter -->
<testsuite ignored="6" hostname="DESKTOP-HPG8DBN" failures="0" tests="2" name="GroupingTest" time="0.089" errors="0" timestamp="2024-10-27T18:30:50 IST">
  <testcase classname="Session44.PaymentTest" name="PaymentByDollor" time="0.019"/>
  <testcase classname="Session44.PaymentTest" name="PaymentByINR" time="0.002"/>
  <testcase classname="Session44.SignupTest" name="SignupByEmail" time="0.0">
    <ignored/>
  </testcase> <!-- SignupByEmail -->
  <testcase classname="Session44.SignupTest" name="SignupByFacebook" time="0.0">
    <ignored/>
  </testcase> <!-- SignupByFacebook -->
  <testcase classname="Session44.loginTest" name="LoginByFacebook" time="0.0">
    <ignored/>
  </testcase> <!-- LoginByFacebook -->
  <testcase classname="Session44.loginTest" name="LoginByTwitter" time="0.0">
    <ignored/>
  </testcase> <!-- LoginByTwitter -->
  <testcase classname="Session44.loginTest" name="LoginByEmail" time="0.0">
    <ignored/>
  </testcase> <!-- LoginByEmail -->
  <testcase classname="Session44.SignupTest" name="SignupByTwitter" time="0.0">
    <ignored/>
  </testcase> <!-- SignupByTwitter -->
</testsuite> <!-- GroupingTest -->
