<?xml version="1.0" encoding="UTF-8"?>
<!-- Generated by org.testng.reporters.JUnitXMLReporter -->
<testsuite ignored="0" hostname="DESKTOP-HPG8DBN" failures="0" tests="3" name="edgetest" time="119.858" errors="0" timestamp="2024-10-28T08:23:44 IST">
  <testcase classname="Session45.ParallelTest_Practice" name="TestLogo" time="0.134"/>
  <testcase classname="Session45.ParallelTest_Practice" name="TestTitle" time="0.167"/>
  <testcase classname="Session45.ParallelTest_Practice" name="TestUrl" time="0.022"/>
</testsuite> <!-- edgetest -->
