<?xml version="1.0" encoding="UTF-8"?>
<!-- Generated by org.testng.reporters.JUnitXMLReporter -->
<testsuite ignored="0" hostname="DESKTOP-HPG8DBN" failures="0" tests="3" name="firefoxtest" time="39.679" errors="0" timestamp="2024-10-28T07:34:45 IST">
  <testcase classname="Session45.ParallelTest_Demo" name="TestLogo" time="0.136"/>
  <testcase classname="Session45.ParallelTest_Demo" name="TestTitle" time="0.018"/>
  <testcase classname="Session45.ParallelTest_Demo" name="TestURL" time="0.019"/>
</testsuite> <!-- firefoxtest -->
