<?xml version="1.0" encoding="UTF-8"?>
<!-- Generated by org.testng.reporters.JUnitXMLReporter -->
<testsuite ignored="0" hostname="DESKTOP-HPG8DBN" failures="0" tests="3" name="Test_C1_C2_1" time="0.11" errors="0" timestamp="2024-10-27T01:58:51 IST">
  <testcase classname="Session43.C1" name="abc" time="0.017"/>
  <testcase classname="Session43.C2" name="xyz" time="0.006"/>
  <testcase classname="Session43.C3_combining_All_Annotation" name="PQR" time="0.006"/>
</testsuite> <!-- Test_C1_C2_1 -->
