<?xml version="1.0" encoding="UTF-8"?>
<testng-results ignored="0" total="1" passed="1" failed="0" skipped="0">
  <reporter-output>
  </reporter-output>
  <suite started-at="2024-10-30T01:11:47 IST" name="Suite" finished-at="2024-10-30T01:11:59 IST" duration-ms="11770">
    <groups>
    </groups>
    <test started-at="2024-10-30T01:11:47 IST" name="Test" finished-at="2024-10-30T01:11:59 IST" duration-ms="11770">
      <class name="Session47.OrangeHRM_Test">
        <test-method is-config="true" signature="SetUp()[pri:0, instance:Session47.OrangeHRM_Test@443118b0]" started-at="2024-10-30T01:11:47 IST" name="SetUp" finished-at="2024-10-30T01:11:58 IST" duration-ms="11107" status="PASS">
          <reporter-output>
          </reporter-output>
        </test-method> <!-- SetUp -->
        <test-method signature="login_test()[pri:1, instance:Session47.OrangeHRM_Test@443118b0]" started-at="2024-10-30T01:11:58 IST" name="login_test" finished-at="2024-10-30T01:11:59 IST" duration-ms="341" status="PASS">
          <reporter-output>
          </reporter-output>
        </test-method> <!-- login_test -->
        <test-method is-config="true" signature="TearDown()[pri:0, instance:Session47.OrangeHRM_Test@443118b0]" started-at="2024-10-30T01:11:59 IST" name="TearDown" finished-at="2024-10-30T01:11:59 IST" duration-ms="267" status="PASS">
          <reporter-output>
          </reporter-output>
        </test-method> <!-- TearDown -->
      </class> <!-- Session47.OrangeHRM_Test -->
    </test> <!-- Test -->
  </suite> <!-- Suite -->
</testng-results>
